# JRE version: Java(TM) SE Runtime Environment (8.0_202-b08) (build 1.8.0_202-b08)
# Java VM: Java HotSpot(TM) 64-Bit Server VM (25.202-b08 mixed mode windows-amd64 compressed oops)
Heap:
 PSYoungGen      total 330752K, used 171108K [0x000000076bd00000, 0x0000000785600000, 0x00000007c0000000)
  eden space 313856K, 49% used [0x000000076bd00000,0x0000000775409790,0x000000077ef80000)
  from space 16896K, 97% used [0x000000077ef80000,0x000000077ff8f910,0x0000000780000000)
  to   space 18944K, 0% used [0x0000000784380000,0x0000000784380000,0x0000000785600000)
 ParOldGen       total 212480K, used 24055K [0x00000006c3600000, 0x00000006d0580000, 0x000000076bd00000)
  object space 212480K, 11% used [0x00000006c3600000,0x00000006c4d7deb8,0x00000006d0580000)
 Metaspace       used 71531K, capacity 75454K, committed 75776K, reserved 1114112K
  class space    used 9999K, capacity 10653K, committed 10752K, reserved 1048576K
GC Heap History (10 events):
Event: 8.598 GC heap before
{Heap before GC invocations=10 (full 2):
 PSYoungGen      total 182272K, used 171520K [0x000000076bd00000, 0x000000077de80000, 0x00000007c0000000)
  eden space 171520K, 100% used [0x000000076bd00000,0x0000000776480000,0x0000000776480000)
  from space 10752K, 0% used [0x0000000776480000,0x0000000776480000,0x0000000776f00000)
  to   space 12288K, 0% used [0x000000077d280000,0x000000077d280000,0x000000077de80000)
 ParOldGen       total 150528K, used 15564K [0x00000006c3600000, 0x00000006cc900000, 0x000000076bd00000)
  object space 150528K, 10% used [0x00000006c3600000,0x00000006c45331a0,0x00000006cc900000)
 Metaspace       used 39264K, capacity 41496K, committed 41728K, reserved 1085440K
  class space    used 5331K, capacity 5775K, committed 5888K, reserved 1048576K
Event: 8.625 GC heap after
Heap after GC invocations=10 (full 2):
 PSYoungGen      total 259584K, used 8681K [0x000000076bd00000, 0x000000077db00000, 0x00000007c0000000)
  eden space 250880K, 0% used [0x000000076bd00000,0x000000076bd00000,0x000000077b200000)
  from space 8704K, 99% used [0x000000077d280000,0x000000077dafa670,0x000000077db00000)
  to   space 12288K, 0% used [0x000000077c300000,0x000000077c300000,0x000000077cf00000)
 ParOldGen       total 150528K, used 15572K [0x00000006c3600000, 0x00000006cc900000, 0x000000076bd00000)
  object space 150528K, 10% used [0x00000006c3600000,0x00000006c45351a0,0x00000006cc900000)
 Metaspace       used 39264K, capacity 41496K, committed 41728K, reserved 1085440K
  class space    used 5331K, capacity 5775K, committed 5888K, reserved 1048576K
}
Event: 13.618 GC heap before
{Heap before GC invocations=11 (full 2):
 PSYoungGen      total 259584K, used 259561K [0x000000076bd00000, 0x000000077db00000, 0x00000007c0000000)
  eden space 250880K, 100% used [0x000000076bd00000,0x000000077b200000,0x000000077b200000)
  from space 8704K, 99% used [0x000000077d280000,0x000000077dafa670,0x000000077db00000)
  to   space 12288K, 0% used [0x000000077c300000,0x000000077c300000,0x000000077cf00000)
 ParOldGen       total 150528K, used 15572K [0x00000006c3600000, 0x00000006cc900000, 0x000000076bd00000)
  object space 150528K, 10% used [0x00000006c3600000,0x00000006c45351a0,0x00000006cc900000)
 Metaspace       used 52715K, capacity 55242K, committed 55424K, reserved 1097728K
  class space    used 7324K, capacity 7778K, committed 7808K, reserved 1048576K
Event: 13.641 GC heap after
Heap after GC invocations=11 (full 2):
 PSYoungGen      total 280576K, used 12272K [0x000000076bd00000, 0x0000000781000000, 0x00000007c0000000)
  eden space 268288K, 0% used [0x000000076bd00000,0x000000076bd00000,0x000000077c300000)
  from space 12288K, 99% used [0x000000077c300000,0x000000077cefc3f8,0x000000077cf00000)
  to   space 16384K, 0% used [0x0000000780000000,0x0000000780000000,0x0000000781000000)
 ParOldGen       total 150528K, used 22556K [0x00000006c3600000, 0x00000006cc900000, 0x000000076bd00000)
  object space 150528K, 14% used [0x00000006c3600000,0x00000006c4c070e8,0x00000006cc900000)
 Metaspace       used 52715K, capacity 55242K, committed 55424K, reserved 1097728K
  class space    used 7324K, capacity 7778K, committed 7808K, reserved 1048576K
}
Event: 15.487 GC heap before
{Heap before GC invocations=12 (full 2):
 PSYoungGen      total 280576K, used 72391K [0x000000076bd00000, 0x0000000781000000, 0x00000007c0000000)
  eden space 268288K, 22% used [0x000000076bd00000,0x000000076f7b59f8,0x000000077c300000)
  from space 12288K, 99% used [0x000000077c300000,0x000000077cefc3f8,0x000000077cf00000)
  to   space 16384K, 0% used [0x0000000780000000,0x0000000780000000,0x0000000781000000)
 ParOldGen       total 150528K, used 22556K [0x00000006c3600000, 0x00000006cc900000, 0x000000076bd00000)
  object space 150528K, 14% used [0x00000006c3600000,0x00000006c4c070e8,0x00000006cc900000)
 Metaspace       used 56234K, capacity 59020K, committed 59096K, reserved 1099776K
  class space    used 7756K, capacity 8249K, committed 8320K, reserved 1048576K
Event: 15.499 GC heap after
Heap after GC invocations=12 (full 2):
 PSYoungGen      total 330240K, used 12253K [0x000000076bd00000, 0x0000000782280000, 0x00000007c0000000)
  eden space 313856K, 0% used [0x000000076bd00000,0x000000076bd00000,0x000000077ef80000)
  from space 16384K, 74% used [0x0000000780000000,0x0000000780bf7658,0x0000000781000000)
  to   space 16896K, 0% used [0x000000077ef80000,0x000000077ef80000,0x0000000780000000)
 ParOldGen       total 150528K, used 22564K [0x00000006c3600000, 0x00000006cc900000, 0x000000076bd00000)
  object space 150528K, 14% used [0x00000006c3600000,0x00000006c4c090e8,0x00000006cc900000)
 Metaspace       used 56234K, capacity 59020K, committed 59096K, reserved 1099776K
  class space    used 7756K, capacity 8249K, committed 8320K, reserved 1048576K
}
Event: 15.499 GC heap before
{Heap before GC invocations=13 (full 3):
 PSYoungGen      total 330240K, used 12253K [0x000000076bd00000, 0x0000000782280000, 0x00000007c0000000)
  eden space 313856K, 0% used [0x000000076bd00000,0x000000076bd00000,0x000000077ef80000)
  from space 16384K, 74% used [0x0000000780000000,0x0000000780bf7658,0x0000000781000000)
  to   space 16896K, 0% used [0x000000077ef80000,0x000000077ef80000,0x0000000780000000)
 ParOldGen       total 150528K, used 22564K [0x00000006c3600000, 0x00000006cc900000, 0x000000076bd00000)
  object space 150528K, 14% used [0x00000006c3600000,0x00000006c4c090e8,0x00000006cc900000)
 Metaspace       used 56234K, capacity 59020K, committed 59096K, reserved 1099776K
  class space    used 7756K, capacity 8249K, committed 8320K, reserved 1048576K
Event: 15.677 GC heap after
Heap after GC invocations=13 (full 3):
 PSYoungGen      total 330240K, used 0K [0x000000076bd00000, 0x0000000782280000, 0x00000007c0000000)
  eden space 313856K, 0% used [0x000000076bd00000,0x000000076bd00000,0x000000077ef80000)
  from space 16384K, 0% used [0x0000000780000000,0x0000000780000000,0x0000000781000000)
  to   space 16896K, 0% used [0x000000077ef80000,0x000000077ef80000,0x0000000780000000)
 ParOldGen       total 212480K, used 24047K [0x00000006c3600000, 0x00000006d0580000, 0x000000076bd00000)
  object space 212480K, 11% used [0x00000006c3600000,0x00000006c4d7beb8,0x00000006d0580000)
 Metaspace       used 56234K, capacity 59020K, committed 59096K, reserved 1099776K
  class space    used 7756K, capacity 8249K, committed 8320K, reserved 1048576K
}
Event: 19.197 GC heap before
{Heap before GC invocations=14 (full 3):
 PSYoungGen      total 330240K, used 313856K [0x000000076bd00000, 0x0000000782280000, 0x00000007c0000000)
  eden space 313856K, 100% used [0x000000076bd00000,0x000000077ef80000,0x000000077ef80000)
  from space 16384K, 0% used [0x0000000780000000,0x0000000780000000,0x0000000781000000)
  to   space 16896K, 0% used [0x000000077ef80000,0x000000077ef80000,0x0000000780000000)
 ParOldGen       total 212480K, used 24047K [0x00000006c3600000, 0x00000006d0580000, 0x000000076bd00000)
  object space 212480K, 11% used [0x00000006c3600000,0x00000006c4d7beb8,0x00000006d0580000)
 Metaspace       used 65823K, capacity 69600K, committed 69888K, reserved 1110016K
  class space    used 9229K, capacity 9860K, committed 9984K, reserved 1048576K
Event: 19.219 GC heap after
Heap after GC invocations=14 (full 3):
 PSYoungGen      total 330752K, used 16446K [0x000000076bd00000, 0x0000000785600000, 0x00000007c0000000)
  eden space 313856K, 0% used [0x000000076bd00000,0x000000076bd00000,0x000000077ef80000)
  from space 16896K, 97% used [0x000000077ef80000,0x000000077ff8f910,0x0000000780000000)
  to   space 18944K, 0% used [0x0000000784380000,0x0000000784380000,0x0000000785600000)
 ParOldGen       total 212480K, used 24055K [0x00000006c3600000, 0x00000006d0580000, 0x000000076bd00000)
  object space 212480K, 11% used [0x00000006c3600000,0x00000006c4d7deb8,0x00000006d0580000)
 Metaspace       used 65823K, capacity 69600K, committed 69888K, reserved 1110016K
  class space    used 9229K, capacity 9860K, committed 9984K, reserved 1048576K
}

